<?xml version="1.0" encoding="UTF-8"?>
<testsuites name="post_resource" time="7.034" tests="1" failures="0" errors="0">
   <testsuite name="post_resource" tests="1" failures="0" errors="0" time="7.034" skipped="0" timestamp="12-02-2024T16:27:42" hostname="BRI - LAPTOP-GLHGBC14" id="Test Suites/post_resource">
      <properties>
         <property name="deviceName" value=""/>
         <property name="devicePlatform" value=""/>
         <property name="logFolder" value="D:\\BFLP\\Bootcamp LPPI\\taskapi\\Reports\\20240212_162727\\post_resource\\20240212_162727"/>
         <property name="logFiles" value="D:\\BFLP\\Bootcamp LPPI\\taskapi\\Reports\\20240212_162727\\post_resource\\20240212_162727\\execution0.log"/>
         <property name="attachments" value=""/>
         <property name="hostName" value="BRI - LAPTOP-GLHGBC14"/>
         <property name="hostAddress" value="172.16.213.223"/>
         <property name="os" value="Windows 11 64bit"/>
         <property name="katalonVersion" value="9.3.0.212"/>
      </properties>
      <testcase name="Test Cases/post_resource" time="6.569" classname="Test Cases/post_resource" status="PASSED">
         <system-out><![CDATA[12-02-2024T16:27:43 - [TEST_CASE][PASSED] - Test Cases/post_resource: Test Cases/post_resource

12-02-2024T16:27:43 - [TEST_STEP][PASSED] - sendRequestAndVerify(findTestObject("post_resource")): Send request and verify the response successfully

12-02-2024T16:27:49 - [MESSAGE][INFO] - HAR: D:\BFLP\Bootcamp LPPI\taskapi\Reports\20240212_162727\post_resource\20240212_162727\requests\main\0.har

12-02-2024T16:27:49 - [TEST_CASE][PASSED] - Start Test Case : Verification: Verification accomplished successfully

12-02-2024T16:27:49 - [TEST_STEP][PASSED] - request = getInstance().getCurrentRequest(): null

12-02-2024T16:27:49 - [TEST_STEP][PASSED] - response = getInstance().getCurrentResponse(): null

12-02-2024T16:27:49 - [MESSAGE][PASSED] - Verify response successfully

12-02-2024T16:27:49 - [MESSAGE][PASSED] - All validation steps have been passed

12-02-2024T16:27:49 - [MESSAGE][PASSED] - Send request and verify the response successfully]]></system-out>
         <system-err><![CDATA[]]></system-err>
      </testcase>
      <system-out><![CDATA[12-02-2024T16:27:42 - [TEST_SUITE][PASSED] - post_resource: Test Cases/post_resource]]></system-out>
      <system-err><![CDATA[]]></system-err>
   </testsuite>
</testsuites>
